# Logfile created on 2011-06-04 08:55:12 +0200 by logger.rb/25413
REQUESTING PAGE: GET /signup with {} and HTTP headers {}
REQUESTING PAGE: GET /signup with {} and HTTP headers {}
REQUESTING PAGE: GET /signup with {} and HTTP headers {}
REQUESTING PAGE: GET /signup with {} and HTTP headers {}
REQUESTING PAGE: POST /clubs with {"utf8"=>"\xE2\x9C\x93", "club"=>{"login"=>"", "name"=>"", "address"=>"", "postale_code"=>"0", "city"=>"", "contact_person"=>"", "password"=>"", "password_confirmation"=>""}, "commit"=>"Sign up"} and HTTP headers {"HTTP_REFERER"=>"/signup"}
REQUESTING PAGE: GET /signup with {} and HTTP headers {}
REQUESTING PAGE: GET /signup with {} and HTTP headers {}
REQUESTING PAGE: POST /clubs with {"utf8"=>"\xE2\x9C\x93", "club"=>{"login"=>"", "name"=>"", "address"=>"", "postale_code"=>"0", "city"=>"", "contact_person"=>"", "password"=>"", "password_confirmation"=>""}, "commit"=>"Sign up"} and HTTP headers {"HTTP_REFERER"=>"/signup"}
REQUESTING PAGE: GET /signup with {} and HTTP headers {}
REQUESTING PAGE: POST /clubs with {"utf8"=>"\xE2\x9C\x93", "club"=>{"login"=>"", "name"=>"", "address"=>"", "postale_code"=>"", "city"=>"", "contact_person"=>"", "password"=>"", "password_confirmation"=>""}, "commit"=>"Sign up"} and HTTP headers {"HTTP_REFERER"=>"/signup"}
REQUESTING PAGE: GET /signup with {} and HTTP headers {}
REQUESTING PAGE: GET /signup with {} and HTTP headers {}
REQUESTING PAGE: GET /signup with {} and HTTP headers {}
REQUESTING PAGE: POST /clubs with {"utf8"=>"\xE2\x9C\x93", "club"=>{"login"=>"fcb_club", "name"=>"FC Barcelona", "address"=>"Test Strasse 10", "postale_code"=>"12122", "city"=>"Mainz", "contact_person"=>"", "password"=>"secRet", "password_confirmation"=>"secRet"}, "commit"=>"Sign up"} and HTTP headers {"HTTP_REFERER"=>"/signup"}
REQUESTING PAGE: GET /signup with {} and HTTP headers {}
REQUESTING PAGE: POST /clubs with {"utf8"=>"\xE2\x9C\x93", "club"=>{"login"=>"", "name"=>"", "address"=>"", "postale_code"=>"", "city"=>"", "contact_person"=>"", "password"=>"", "password_confirmation"=>""}, "commit"=>"Sign up"} and HTTP headers {"HTTP_REFERER"=>"/signup"}
REQUESTING PAGE: GET /signup with {} and HTTP headers {}
REQUESTING PAGE: POST /clubs with {"utf8"=>"\xE2\x9C\x93", "club"=>{"login"=>"", "name"=>"", "address"=>"", "postale_code"=>"", "city"=>"", "contact_person"=>"", "password"=>"", "password_confirmation"=>""}, "commit"=>"Sign up"} and HTTP headers {"HTTP_REFERER"=>"/signup"}
REQUESTING PAGE: GET /signup with {} and HTTP headers {}
REQUESTING PAGE: POST /clubs with {"utf8"=>"\xE2\x9C\x93", "club"=>{"login"=>"", "name"=>"", "address"=>"", "postale_code"=>"", "city"=>"", "contact_person"=>"", "password"=>"", "password_confirmation"=>""}, "commit"=>"Sign up"} and HTTP headers {"HTTP_REFERER"=>"/signup"}
REQUESTING PAGE: GET /signup with {} and HTTP headers {}
REQUESTING PAGE: POST /clubs with {"utf8"=>"\xE2\x9C\x93", "club"=>{"login"=>"", "name"=>"", "address"=>"", "postale_code"=>"", "city"=>"", "contact_person"=>"", "password"=>"", "password_confirmation"=>""}, "commit"=>"Sign up"} and HTTP headers {"HTTP_REFERER"=>"/signup"}
REQUESTING PAGE: GET /signup with {} and HTTP headers {}
REQUESTING PAGE: POST /clubs with {"utf8"=>"\xE2\x9C\x93", "club"=>{"login"=>"", "name"=>"", "address"=>"", "postale_code"=>"", "city"=>"", "contact_person"=>"", "password"=>"", "password_confirmation"=>""}, "commit"=>"Sign up"} and HTTP headers {"HTTP_REFERER"=>"/signup"}
REQUESTING PAGE: GET /signup with {} and HTTP headers {}
REQUESTING PAGE: POST /clubs with {"utf8"=>"\xE2\x9C\x93", "club"=>{"login"=>"", "name"=>"", "address"=>"", "postale_code"=>"", "city"=>"", "contact_person"=>"", "password"=>"", "password_confirmation"=>""}, "commit"=>"Sign up"} and HTTP headers {"HTTP_REFERER"=>"/signup"}
REQUESTING PAGE: GET /signup with {} and HTTP headers {}
REQUESTING PAGE: POST /clubs with {"utf8"=>"\xE2\x9C\x93", "club"=>{"login"=>"", "name"=>"", "address"=>"", "postale_code"=>"", "city"=>"", "contact_person"=>"", "password"=>"", "password_confirmation"=>""}, "commit"=>"Sign up"} and HTTP headers {"HTTP_REFERER"=>"/signup"}
REQUESTING PAGE: GET /signup with {} and HTTP headers {}
REQUESTING PAGE: POST /clubs with {"utf8"=>"\xE2\x9C\x93", "club"=>{"login"=>"", "name"=>"", "address"=>"", "postale_code"=>"", "city"=>"", "contact_person"=>"", "password"=>"", "password_confirmation"=>""}, "commit"=>"Sign up"} and HTTP headers {"HTTP_REFERER"=>"/signup"}
REQUESTING PAGE: GET /signup with {} and HTTP headers {}
REQUESTING PAGE: POST /clubs with {"utf8"=>"\xE2\x9C\x93", "club"=>{"login"=>"", "name"=>"", "address"=>"", "postale_code"=>"", "city"=>"", "contact_person"=>"", "password"=>"", "password_confirmation"=>""}, "commit"=>"Sign up"} and HTTP headers {"HTTP_REFERER"=>"/signup"}
REQUESTING PAGE: GET /signup with {} and HTTP headers {}
REQUESTING PAGE: POST /clubs with {"utf8"=>"\xE2\x9C\x93", "club"=>{"login"=>"", "name"=>"", "address"=>"", "postale_code"=>"", "city"=>"", "contact_person"=>"", "password"=>"", "password_confirmation"=>""}, "commit"=>"Sign up"} and HTTP headers {"HTTP_REFERER"=>"/signup"}
REQUESTING PAGE: GET /signup with {} and HTTP headers {}
REQUESTING PAGE: POST /clubs with {"utf8"=>"\xE2\x9C\x93", "club"=>{"login"=>"", "name"=>"", "address"=>"", "postale_code"=>"", "city"=>"", "contact_person"=>"", "password"=>"", "password_confirmation"=>""}, "commit"=>"Sign up"} and HTTP headers {"HTTP_REFERER"=>"/signup"}
REQUESTING PAGE: GET /signup with {} and HTTP headers {}
REQUESTING PAGE: POST /clubs with {"utf8"=>"\xE2\x9C\x93", "club"=>{"login"=>"", "name"=>"", "address"=>"", "postale_code"=>"", "city"=>"", "contact_person"=>"", "password"=>"", "password_confirmation"=>""}, "commit"=>"Sign up"} and HTTP headers {"HTTP_REFERER"=>"/signup"}
REQUESTING PAGE: GET /signup with {} and HTTP headers {}
REQUESTING PAGE: POST /clubs with {"utf8"=>"\xE2\x9C\x93", "club"=>{"login"=>"", "name"=>"", "address"=>"", "postale_code"=>"", "city"=>"", "contact_person"=>"", "password"=>"", "password_confirmation"=>""}, "commit"=>"Sign up"} and HTTP headers {"HTTP_REFERER"=>"/signup"}
REQUESTING PAGE: GET /signup with {} and HTTP headers {}
REQUESTING PAGE: POST /clubs with {"utf8"=>"\xE2\x9C\x93", "club"=>{"login"=>"", "name"=>"", "address"=>"", "postale_code"=>"", "city"=>"", "contact_person"=>"", "password"=>"", "password_confirmation"=>""}, "commit"=>"Sign up"} and HTTP headers {"HTTP_REFERER"=>"/signup"}
